<?xml version="1.0" encoding="UTF-8"?>
<testng-results skipped="0" failed="0" ignored="0" total="1" passed="1">
  <reporter-output>
  </reporter-output>
  <suite name="Default suite" duration-ms="36247" started-at="2018-09-23T09:51:31Z" finished-at="2018-09-23T09:52:07Z">
    <groups>
    </groups>
    <test name="Default test" duration-ms="36247" started-at="2018-09-23T09:51:31Z" finished-at="2018-09-23T09:52:07Z">
      <class name="test.TestCase1">
        <test-method status="PASS" signature="test1()[pri:0, instance:test.TestCase1@2b98378d]" name="test1" duration-ms="36198" started-at="2018-09-23T09:51:31Z" finished-at="2018-09-23T09:52:07Z">
          <reporter-output>
          </reporter-output>
        </test-method> <!-- test1 -->
      </class> <!-- test.TestCase1 -->
    </test> <!-- Default test -->
  </suite> <!-- Default suite -->
</testng-results>
